// 重构日志: 9b394ed8
// 重构日志: 264d0f1b
// 重构日志: b5384771
// 重构日志: b594bab8
// 同步 ID: b1f53bd8 @ Mon Jul 13 11:30:20 UTC 2026
// 同步 ID: 07c08b52 @ Mon Jul 13 17:27:25 UTC 2026
// 同步 ID: fcf4c558 @ Tue Jul 14 04:08:33 UTC 2026
// 重构日志: 6543ff4f
// 同步 ID: 0c3a1bd8 @ Tue Jul 14 16:43:45 UTC 2026
// 重构日志: fecb1a0e
// 同步 ID: c9021033 @ Wed Jul 15 00:52:19 UTC 2026
// 同步 ID: cbd22102 @ Wed Jul 15 06:59:03 UTC 2026
// 同步 ID: d6e23992 @ Wed Jul 15 18:22:52 UTC 2026
// 同步 ID: acf6e06a @ Thu Jul 16 00:32:16 UTC 2026
// 重构日志: e1e1e45e
// 同步 ID: 6cf17a31 @ Thu Jul 16 17:24:27 UTC 2026
// 重构日志: 7f71293b
// 重构日志: a1c05eac
// 同步 ID: 20991314 @ Fri Jul 17 14:38:53 UTC 2026
// 重构日志: 6546564c
// 重构日志: 26426416
// 重构日志: bec242d7
// 重构日志: a478b002
// 重构日志: da6984d8
// 重构日志: 15cde029
// 重构日志: ebc70a1c
// 同步 ID: 84da7a5a @ Tue Jul 21 15:06:13 UTC 2026
// 同步 ID: 192e0ccc @ Wed Jul 22 00:30:05 UTC 2026
// 重构日志: ef7058d0
// 同步 ID: e4a72d21 @ Wed Jul 22 07:00:09 UTC 2026
// 重构日志: 03203ece
